<?xml version="1.0" encoding="UTF-8"?>
<!-- Generated by org.testng.reporters.JUnitReportReporter -->
<testsuite skipped="2" hostname="22193-TZD-ALU" name="ocean.test.condition.Pricing.OCEAN_Pricing_TC02" tests="4" failures="0" timestamp="09 Aug 2019 09:40:16 GMT" time="4.386" errors="0">
  <testcase name="cancelContract" time="2.138" classname="ocean.test.condition.Pricing.OCEAN_Pricing_TC02"/>
  <testcase name="cancelContract1" time="2.153" classname="ocean.test.condition.Pricing.OCEAN_Pricing_TC02"/>
  <testcase name="cancelContract" time="0.047" classname="ocean.test.condition.Pricing.OCEAN_Pricing_TC02">
    <skipped/>
  </testcase> <!-- cancelContract -->
  <testcase name="cancelContract1" time="0.048" classname="ocean.test.condition.Pricing.OCEAN_Pricing_TC02">
    <skipped/>
  </testcase> <!-- cancelContract1 -->
</testsuite> <!-- ocean.test.condition.Pricing.OCEAN_Pricing_TC02 -->
