<?xml version="1.0" encoding="UTF-8"?>
<!-- Generated by org.testng.reporters.JUnitXMLReporter -->
<testsuite hostname="22193-TZD-ALU" ignored="6" name="Default test" tests="12" failures="0" timestamp="18 Jul 2019 08:45:25 GMT" time="75.229" errors="0">
  <testcase name="searchAccount" time="0.721" classname="ocean.tests.SearchModule"/>
  <testcase name="searchAccount" time="7.475" classname="ocean.tests.SearchModule"/>
  <testcase name="searchAccount" time="1.249" classname="ocean.tests.SearchModule"/>
  <testcase name="searchInsurance" time="0.639" classname="ocean.tests.SearchModule"/>
  <testcase name="searchInsurance" time="0.528" classname="ocean.tests.SearchModule"/>
  <testcase name="searchInsurance" time="0.449" classname="ocean.tests.SearchModule"/>
  <testcase name="searchAccount" time="1.071" classname="ocean.tests.UnderWritingModule"/>
  <testcase name="searchAccount" time="0.383" classname="ocean.tests.UnderWritingModule"/>
  <testcase name="searchAccount" time="0.192" classname="ocean.tests.UnderWritingModule"/>
  <testcase name="searchInsurance" time="0.206" classname="ocean.tests.UnderWritingModule"/>
  <testcase name="searchInsurance" time="0.654" classname="ocean.tests.UnderWritingModule"/>
  <testcase name="searchInsurance" time="0.24" classname="ocean.tests.UnderWritingModule"/>
  <testcase name="@AfterTest closeReport" time="0.0" classname="ocean.com.main.Suite">
    <ignored/>
  </testcase> <!-- @AfterTest closeReport -->
  <testcase name="@AfterTest closeReport" time="0.0" classname="ocean.com.main.Suite">
    <ignored/>
  </testcase> <!-- @AfterTest closeReport -->
  <testcase name="@BeforeSuite setup" time="0.0" classname="ocean.com.main.Suite">
    <ignored/>
  </testcase> <!-- @BeforeSuite setup -->
  <testcase name="@BeforeSuite setup" time="0.0" classname="ocean.com.main.Suite">
    <ignored/>
  </testcase> <!-- @BeforeSuite setup -->
  <testcase name="@BeforeTest createReport" time="0.0" classname="ocean.com.main.Suite">
    <ignored/>
  </testcase> <!-- @BeforeTest createReport -->
  <testcase name="@BeforeTest createReport" time="0.0" classname="ocean.com.main.Suite">
    <ignored/>
  </testcase> <!-- @BeforeTest createReport -->
</testsuite> <!-- Default test -->
