<?xml version="1.0" encoding="UTF-8"?>
<!-- Generated by org.testng.reporters.JUnitXMLReporter -->
<testsuite hostname="22193-TZD-ALU" ignored="3" name="Account" tests="12" failures="0" timestamp="22 Jul 2019 08:55:45 GMT" time="0.048" errors="0">
  <testcase name="ClickSearch" time="0.003" classname="ocean.test.condition.Account.OCEAN_Search_TC01"/>
  <testcase name="ClickSearch" time="0.001" classname="ocean.test.condition.Account.OCEAN_Search_TC01"/>
  <testcase name="ClickSearch" time="0.001" classname="ocean.test.condition.Account.OCEAN_Search_TC01"/>
  <testcase name="clickonAccountTab" time="0.001" classname="ocean.test.condition.Account.OCEAN_Search_TC01"/>
  <testcase name="clickonAccountTab" time="0.0" classname="ocean.test.condition.Account.OCEAN_Search_TC01"/>
  <testcase name="clickonAccountTab" time="0.001" classname="ocean.test.condition.Account.OCEAN_Search_TC01"/>
  <testcase name="ClickSearch" time="0.001" classname="ocean.test.condition.Account.OCEAN_Search_TC02"/>
  <testcase name="ClickSearch" time="0.001" classname="ocean.test.condition.Account.OCEAN_Search_TC02"/>
  <testcase name="ClickSearch" time="0.001" classname="ocean.test.condition.Account.OCEAN_Search_TC02"/>
  <testcase name="clickonAccountTab" time="0.001" classname="ocean.test.condition.Account.OCEAN_Search_TC02"/>
  <testcase name="clickonAccountTab" time="0.0" classname="ocean.test.condition.Account.OCEAN_Search_TC02"/>
  <testcase name="clickonAccountTab" time="0.001" classname="ocean.test.condition.Account.OCEAN_Search_TC02"/>
  <testcase name="@BeforeTest createParent" time="0.0" classname="ocean.com.main.Suite">
    <ignored/>
  </testcase> <!-- @BeforeTest createParent -->
  <testcase name="@BeforeSuite setup" time="0.0" classname="ocean.com.main.Suite">
    <ignored/>
  </testcase> <!-- @BeforeSuite setup -->
  <testcase name="@AfterSuite tearDown" time="0.0" classname="ocean.com.main.Suite">
    <ignored/>
  </testcase> <!-- @AfterSuite tearDown -->
</testsuite> <!-- Account -->
