<?xml version="1.0" encoding="UTF-8"?>
<!-- Generated by org.testng.reporters.JUnitXMLReporter -->
<testsuite hostname="LAP-TZD-0X74796" ignored="0" name="Cancellation" tests="6" failures="6" timestamp="2020-02-14T14:36:09 IST" time="3.415" errors="0">
  <testcase name="searchContractWithAnyInputField" time="1.364" classname="ocean.test.condition.search.HelloTest">
    <failure type="java.lang.AssertionError" message="expected [true] but found [false]">
      <![CDATA[java.lang.AssertionError: expected [true] but found [false]
at ocean.test.condition.search.HelloTest.searchContractWithAnyInputField(HelloTest.java:15)
at java.util.ArrayList.forEach(Unknown Source)
... Removed 32 stack frames]]>
    </failure>
  </testcase> <!-- searchContractWithAnyInputField -->
  <testcase name="searchContractWithAnyInputField" time="0.438" classname="ocean.test.condition.search.HelloTest">
    <failure type="java.lang.AssertionError" message="expected [true] but found [false]">
      <![CDATA[java.lang.AssertionError: expected [true] but found [false]
at ocean.test.condition.search.HelloTest.searchContractWithAnyInputField(HelloTest.java:15)
at java.util.ArrayList.forEach(Unknown Source)
... Removed 32 stack frames]]>
    </failure>
  </testcase> <!-- searchContractWithAnyInputField -->
  <testcase name="searchContractWithAnyInputField" time="0.3" classname="ocean.test.condition.search.HelloTest">
    <failure type="java.lang.AssertionError" message="expected [true] but found [false]">
      <![CDATA[java.lang.AssertionError: expected [true] but found [false]
at ocean.test.condition.search.HelloTest.searchContractWithAnyInputField(HelloTest.java:15)
at java.util.ArrayList.forEach(Unknown Source)
... Removed 32 stack frames]]>
    </failure>
  </testcase> <!-- searchContractWithAnyInputField -->
  <testcase name="searchContractWithAnyInputField" time="0.146" classname="ocean.test.condition.search.HelloTest">
    <failure type="java.lang.AssertionError" message="expected [true] but found [false]">
      <![CDATA[java.lang.AssertionError: expected [true] but found [false]
at ocean.test.condition.search.HelloTest.searchContractWithAnyInputField(HelloTest.java:15)
at java.util.ArrayList.forEach(Unknown Source)
... Removed 32 stack frames]]>
    </failure>
  </testcase> <!-- searchContractWithAnyInputField -->
  <testcase name="searchContractWithAnyInputField" time="0.611" classname="ocean.test.condition.search.HelloTest">
    <failure type="java.lang.AssertionError" message="expected [true] but found [false]">
      <![CDATA[java.lang.AssertionError: expected [true] but found [false]
at ocean.test.condition.search.HelloTest.searchContractWithAnyInputField(HelloTest.java:15)
at java.util.ArrayList.forEach(Unknown Source)
... Removed 32 stack frames]]>
    </failure>
  </testcase> <!-- searchContractWithAnyInputField -->
  <testcase name="searchContractWithAnyInputField" time="0.034" classname="ocean.test.condition.search.HelloTest">
    <failure type="java.lang.AssertionError" message="expected [true] but found [false]">
      <![CDATA[java.lang.AssertionError: expected [true] but found [false]
at ocean.test.condition.search.HelloTest.searchContractWithAnyInputField(HelloTest.java:15)
at java.util.ArrayList.forEach(Unknown Source)
... Removed 32 stack frames]]>
    </failure>
  </testcase> <!-- searchContractWithAnyInputField -->
</testsuite> <!-- Cancellation -->
