<?xml version="1.0" encoding="UTF-8"?>
<!-- Generated by org.testng.reporters.JUnitXMLReporter -->
<testsuite hostname="LAP-TZD-0X74796" ignored="0" name="Cancellation" tests="6" failures="0" timestamp="2019-12-09T15:52:19 IST" time="0.878" errors="0">
  <testcase name="@BeforeSuite setup" time="0.021" classname="ocean.com.main.Suite">
    <failure type="java.lang.NullPointerException">
      <![CDATA[java.lang.NullPointerException
at ocean.com.main.Suite.setup(Suite.java:51)
... Removed 19 stack frames]]>
    </failure>
  </testcase> <!-- @BeforeSuite setup -->
  <testcase name="@BeforeTest createParent" time="-1.575886938826E9" classname="ocean.com.main.Suite">
    <skipped/>
  </testcase> <!-- @BeforeTest createParent -->
  <testcase name="@BeforeMethod screenshot" time="-1.575886939664E9" classname="ocean.com.main.Suite">
    <skipped/>
  </testcase> <!-- @BeforeMethod screenshot -->
  <testcase name="@AfterMethod tearDown" time="-1.575886939669E9" classname="ocean.com.main.Suite">
    <skipped/>
  </testcase> <!-- @AfterMethod tearDown -->
  <testcase name="@BeforeMethod screenshot" time="-1.575886939671E9" classname="ocean.com.main.Suite">
    <skipped/>
  </testcase> <!-- @BeforeMethod screenshot -->
  <testcase name="@AfterMethod tearDown" time="-1.575886939678E9" classname="ocean.com.main.Suite">
    <skipped/>
  </testcase> <!-- @AfterMethod tearDown -->
  <testcase name="@BeforeMethod screenshot" time="-1.575886939679E9" classname="ocean.com.main.Suite">
    <skipped/>
  </testcase> <!-- @BeforeMethod screenshot -->
  <testcase name="@AfterMethod tearDown" time="-1.575886939684E9" classname="ocean.com.main.Suite">
    <skipped/>
  </testcase> <!-- @AfterMethod tearDown -->
  <testcase name="@BeforeMethod screenshot" time="-1.575886939685E9" classname="ocean.com.main.Suite">
    <skipped/>
  </testcase> <!-- @BeforeMethod screenshot -->
  <testcase name="@AfterMethod tearDown" time="-1.575886939688E9" classname="ocean.com.main.Suite">
    <skipped/>
  </testcase> <!-- @AfterMethod tearDown -->
  <testcase name="@BeforeMethod screenshot" time="-1.575886939689E9" classname="ocean.com.main.Suite">
    <skipped/>
  </testcase> <!-- @BeforeMethod screenshot -->
  <testcase name="@AfterMethod tearDown" time="-1.575886939693E9" classname="ocean.com.main.Suite">
    <skipped/>
  </testcase> <!-- @AfterMethod tearDown -->
  <testcase name="@BeforeMethod screenshot" time="-1.575886939694E9" classname="ocean.com.main.Suite">
    <skipped/>
  </testcase> <!-- @BeforeMethod screenshot -->
  <testcase name="@AfterMethod tearDown" time="-1.575886939697E9" classname="ocean.com.main.Suite">
    <skipped/>
  </testcase> <!-- @AfterMethod tearDown -->
  <testcase name="searchForAccountOnAccountSearchScreen" time="0.0" classname="ocean.test.condition.accounts.OCEAN_Account_TC_01_02_03">
    <skipped/>
  </testcase> <!-- searchForAccountOnAccountSearchScreen -->
  <testcase name="searchForAccountOnAccountSearchScreen" time="0.0" classname="ocean.test.condition.accounts.OCEAN_Account_TC_01_02_03">
    <skipped/>
  </testcase> <!-- searchForAccountOnAccountSearchScreen -->
  <testcase name="searchForAccountOnAccountSearchScreen" time="0.001" classname="ocean.test.condition.accounts.OCEAN_Account_TC_01_02_03">
    <skipped/>
  </testcase> <!-- searchForAccountOnAccountSearchScreen -->
  <testcase name="searchForAccountOnAccountSearchScreen" time="0.0" classname="ocean.test.condition.accounts.OCEAN_Account_TC_01_02_03">
    <skipped/>
  </testcase> <!-- searchForAccountOnAccountSearchScreen -->
  <testcase name="searchForAccountOnAccountSearchScreen" time="0.0" classname="ocean.test.condition.accounts.OCEAN_Account_TC_01_02_03">
    <skipped/>
  </testcase> <!-- searchForAccountOnAccountSearchScreen -->
  <testcase name="searchForAccountOnAccountSearchScreen" time="0.0" classname="ocean.test.condition.accounts.OCEAN_Account_TC_01_02_03">
    <skipped/>
  </testcase> <!-- searchForAccountOnAccountSearchScreen -->
</testsuite> <!-- Cancellation -->
