<?xml version="1.0" encoding="UTF-8"?>
<!-- Generated by org.testng.reporters.JUnitXMLReporter -->
<testsuite hostname="22193-TZD-ALU" ignored="4" name="Module" tests="12" failures="0" timestamp="18 Jul 2019 09:18:29 GMT" time="0.091" errors="0">
  <testcase name="@BeforeMethod setup" time="0.0" classname="ocean.tests.PricingModule">
    <failure type="java.lang.IllegalArgumentException" message="nodeName cannot be null or empty">
      <![CDATA[java.lang.IllegalArgumentException: nodeName cannot be null or empty
at com.aventstack.extentreports.ExtentTest.createNode(ExtentTest.java:166)
at com.aventstack.extentreports.ExtentTest.createNode(ExtentTest.java:274)
at ocean.tests.PricingModule.setup(PricingModule.java:37)
... Removed 28 stack frames]]>
    </failure>
  </testcase> <!-- @BeforeMethod setup -->
  <testcase name="@AfterMethod tearDown" time="0.0" classname="ocean.tests.PricingModule">
    <skipped/>
  </testcase> <!-- @AfterMethod tearDown -->
  <testcase name="@BeforeMethod setup" time="0.0" classname="ocean.tests.PricingModule">
    <skipped/>
  </testcase> <!-- @BeforeMethod setup -->
  <testcase name="@AfterMethod tearDown" time="0.0" classname="ocean.tests.PricingModule">
    <skipped/>
  </testcase> <!-- @AfterMethod tearDown -->
  <testcase name="@BeforeMethod setup" time="0.0" classname="ocean.tests.PricingModule">
    <skipped/>
  </testcase> <!-- @BeforeMethod setup -->
  <testcase name="@AfterMethod tearDown" time="0.0" classname="ocean.tests.PricingModule">
    <skipped/>
  </testcase> <!-- @AfterMethod tearDown -->
  <testcase name="@BeforeMethod setup" time="0.0" classname="ocean.tests.PricingModule">
    <skipped/>
  </testcase> <!-- @BeforeMethod setup -->
  <testcase name="@AfterMethod tearDown" time="0.0" classname="ocean.tests.PricingModule">
    <skipped/>
  </testcase> <!-- @AfterMethod tearDown -->
  <testcase name="@BeforeMethod setup" time="0.0" classname="ocean.tests.PricingModule">
    <skipped/>
  </testcase> <!-- @BeforeMethod setup -->
  <testcase name="@AfterMethod tearDown" time="0.0" classname="ocean.tests.PricingModule">
    <skipped/>
  </testcase> <!-- @AfterMethod tearDown -->
  <testcase name="@BeforeMethod setup" time="0.0" classname="ocean.tests.PricingModule">
    <skipped/>
  </testcase> <!-- @BeforeMethod setup -->
  <testcase name="@AfterMethod tearDown" time="0.0" classname="ocean.tests.PricingModule">
    <skipped/>
  </testcase> <!-- @AfterMethod tearDown -->
  <testcase name="@AfterClass fdddsd" time="0.0" classname="ocean.com.main.Suite">
    <skipped/>
  </testcase> <!-- @AfterClass fdddsd -->
  <testcase name="searchAccount" time="0.0" classname="ocean.tests.UnderWritingModule"/>
  <testcase name="searchAccount" time="0.0" classname="ocean.tests.UnderWritingModule"/>
  <testcase name="searchAccount" time="0.0" classname="ocean.tests.UnderWritingModule"/>
  <testcase name="searchInsurance" time="0.001" classname="ocean.tests.UnderWritingModule"/>
  <testcase name="searchInsurance" time="0.0" classname="ocean.tests.UnderWritingModule"/>
  <testcase name="searchInsurance" time="0.0" classname="ocean.tests.UnderWritingModule"/>
  <testcase name="searchAccount" time="0.0" classname="ocean.tests.PricingModule">
    <skipped/>
  </testcase> <!-- searchAccount -->
  <testcase name="searchAccount" time="0.0" classname="ocean.tests.PricingModule">
    <skipped/>
  </testcase> <!-- searchAccount -->
  <testcase name="searchAccount" time="0.0" classname="ocean.tests.PricingModule">
    <skipped/>
  </testcase> <!-- searchAccount -->
  <testcase name="searchInsurance" time="0.0" classname="ocean.tests.PricingModule">
    <skipped/>
  </testcase> <!-- searchInsurance -->
  <testcase name="searchInsurance" time="0.0" classname="ocean.tests.PricingModule">
    <skipped/>
  </testcase> <!-- searchInsurance -->
  <testcase name="searchInsurance" time="0.0" classname="ocean.tests.PricingModule">
    <skipped/>
  </testcase> <!-- searchInsurance -->
  <testcase name="@BeforeSuite setup" time="0.0" classname="ocean.com.main.Suite">
    <ignored/>
  </testcase> <!-- @BeforeSuite setup -->
  <testcase name="@AfterSuite tearDown" time="0.0" classname="ocean.com.main.Suite">
    <ignored/>
  </testcase> <!-- @AfterSuite tearDown -->
  <testcase name="@AfterTest sfdfsfsd" time="0.0" classname="ocean.com.main.Suite">
    <ignored/>
  </testcase> <!-- @AfterTest sfdfsfsd -->
  <testcase name="@BeforeTest createReporwt" time="0.0" classname="ocean.com.main.Suite">
    <ignored/>
  </testcase> <!-- @BeforeTest createReporwt -->
</testsuite> <!-- Module -->
