<?xml version="1.0" encoding="UTF-8"?>
<!-- Generated by org.testng.reporters.JUnitXMLReporter -->
<testsuite hostname="LAP-TZD-0X74796" ignored="0" name="Pricing" tests="1" failures="0" timestamp="2019-11-06T10:11:38 IST" time="45.114" errors="0">
  <testcase name="@AfterClass updateExcel" time="-1.573015298437E9" classname="ocean.com.main.Suite">
    <failure type="org.testng.TestNGException" message="
Can inject only one of &amp;lt;ITestContext, XmlTest&amp;gt; into a @AfterClass annotated updateExcel.
For more information on native dependency injection please refer to http://testng.org/doc/documentation-main.html#native-dependency-injection">
      <![CDATA[org.testng.TestNGException: 
Can inject only one of <ITestContext, XmlTest> into a @AfterClass annotated updateExcel.
For more information on native dependency injection please refer to http://testng.org/doc/documentation-main.html#native-dependency-injection
at java.util.ArrayList.forEach(Unknown Source)
... Removed 22 stack frames]]>
    </failure>
  </testcase> <!-- @AfterClass updateExcel -->
  <testcase name="uniquePriceSheetName" time="42.118" classname="ocean.test.condition.Pricing.OCEAN_Pricing_TC02"/>
</testsuite> <!-- Pricing -->
