<?xml version="1.0" encoding="UTF-8"?>
<!-- Generated by org.testng.reporters.JUnitXMLReporter -->
<testsuite hostname="LAP-TZD-0X74796" ignored="0" name="Pricing" tests="2" failures="2" timestamp="2019-11-20T14:13:52 IST" time="193.133" errors="0">
  <testcase name="searchForContractOnCancelScreen" time="125.421" classname="ocean.test.condition.cancellation.OCEAN_Cancel_TC_01">
    <failure type="java.lang.Error" message="Unresolved compilation problem: 
	Syntax error, insert &amp;quot;)&amp;quot; to complete Expression
">
      <![CDATA[java.lang.Error: Unresolved compilation problem: 
Syntax error, insert ")" to complete Expression

at ocean.common.Keywords.getAllValuesSaveInSet(Keywords.java:210)
at ocean.modules.pages.cancellationModulePages.getSearchResultCount(cancellationModulePages.java:66)
at ocean.test.condition.cancellation.OCEAN_Cancel_TC_01.searchForContractOnCancelScreen(OCEAN_Cancel_TC_01.java:45)
at java.util.ArrayList.forEach(Unknown Source)
... Removed 27 stack frames]]>
    </failure>
  </testcase> <!-- searchForContractOnCancelScreen -->
  <testcase name="searchForContractOnCancelScreen" time="42.635" classname="ocean.test.condition.cancellation.OCEAN_Cancel_TC_01">
    <failure type="java.lang.Error" message="Unresolved compilation problem: 
	Syntax error, insert &amp;quot;)&amp;quot; to complete Expression
">
      <![CDATA[java.lang.Error: Unresolved compilation problem: 
Syntax error, insert ")" to complete Expression

at ocean.common.Keywords.getAllValuesSaveInSet(Unknown Source)
at ocean.modules.pages.cancellationModulePages.getSearchResultCount(cancellationModulePages.java:66)
at ocean.test.condition.cancellation.OCEAN_Cancel_TC_01.searchForContractOnCancelScreen(OCEAN_Cancel_TC_01.java:45)
at java.util.ArrayList.forEach(Unknown Source)
... Removed 27 stack frames]]>
    </failure>
  </testcase> <!-- searchForContractOnCancelScreen -->
</testsuite> <!-- Pricing -->
