<?xml version="1.0" encoding="UTF-8"?>
<!-- Generated by org.testng.reporters.JUnitXMLReporter -->
<testsuite hostname="22193-TZD-ALU" ignored="0" name="Search" tests="6" failures="0" timestamp="19 Jul 2019 03:55:13 GMT" time="0.043" errors="0">
  <testcase name="searchAccount" time="0.004" classname="ocean.tests.SearchModule"/>
  <testcase name="searchAccount" time="0.001" classname="ocean.tests.SearchModule"/>
  <testcase name="searchAccount" time="0.001" classname="ocean.tests.SearchModule"/>
  <testcase name="searchInsurance" time="0.0" classname="ocean.tests.SearchModule"/>
  <testcase name="searchInsurance" time="0.001" classname="ocean.tests.SearchModule"/>
  <testcase name="searchInsurance" time="0.001" classname="ocean.tests.SearchModule"/>
</testsuite> <!-- Search -->
