<?xml version="1.0" encoding="UTF-8"?>
<!-- Generated by org.testng.reporters.JUnitXMLReporter -->
<testsuite hostname="22193-TZD-ALU" ignored="3" name="UnderWriting" tests="12" failures="0" timestamp="18 Jul 2019 10:05:35 GMT" time="0.019" errors="0">
  <testcase name="searchAccount" time="0.0" classname="ocean.tests.UnderWritingModule"/>
  <testcase name="searchAccount" time="0.0" classname="ocean.tests.UnderWritingModule"/>
  <testcase name="searchAccount" time="0.0" classname="ocean.tests.UnderWritingModule"/>
  <testcase name="searchInsurance" time="0.001" classname="ocean.tests.UnderWritingModule"/>
  <testcase name="searchInsurance" time="0.0" classname="ocean.tests.UnderWritingModule"/>
  <testcase name="searchInsurance" time="0.001" classname="ocean.tests.UnderWritingModule"/>
  <testcase name="searchAccount" time="0.0" classname="ocean.tests.PricingModule"/>
  <testcase name="searchAccount" time="0.0" classname="ocean.tests.PricingModule"/>
  <testcase name="searchAccount" time="0.0" classname="ocean.tests.PricingModule"/>
  <testcase name="searchInsurance" time="0.001" classname="ocean.tests.PricingModule"/>
  <testcase name="searchInsurance" time="0.001" classname="ocean.tests.PricingModule"/>
  <testcase name="searchInsurance" time="0.0" classname="ocean.tests.PricingModule"/>
  <testcase name="@BeforeSuite setup" time="0.0" classname="ocean.com.main.Suite">
    <ignored/>
  </testcase> <!-- @BeforeSuite setup -->
  <testcase name="@AfterSuite tearDown" time="0.0" classname="ocean.com.main.Suite">
    <ignored/>
  </testcase> <!-- @AfterSuite tearDown -->
  <testcase name="@BeforeTest createReporwt" time="0.0" classname="ocean.com.main.Suite">
    <ignored/>
  </testcase> <!-- @BeforeTest createReporwt -->
</testsuite> <!-- UnderWriting -->
